This is pdfTeX, Version 3.1415926-2.5-1.40.14 (TeX Live 2013) (format=pdflatex 2013.9.25)  12 FEB 2015 09:52
entering extended mode
 restricted \write18 enabled.
 %&-line parsing enabled.
**sbes2012.tex
(./sbes2012.tex
LaTeX2e <2011/06/27>
Babel <3.9f> and hyphenation patterns for 78 languages loaded.
(./IEEEtran.cls
Document Class: IEEEtran 2007/03/05 V1.7a by Michael Shell
-- See the "IEEEtran_HOWTO" manual for usage information.
-- http://www.michaelshell.org/tex/ieeetran/
\@IEEEtrantmpdimenA=\dimen102
\@IEEEtrantmpdimenB=\dimen103
\@IEEEtrantmpcountA=\count79
\@IEEEtrantmpcountB=\count80
\@IEEEtrantmptoksA=\toks14
LaTeX Font Info:    Try loading font information for OT1+ptm on input line 366.

(/usr/local/texlive/2013/texmf-dist/tex/latex/psnfss/ot1ptm.fd
File: ot1ptm.fd 2001/06/04 font definitions for OT1/ptm.
)
-- Using 8.5in x 11in (letter) paper.
-- Using PDF output.
\@IEEEnormalsizeunitybaselineskip=\dimen104
-- This is a 10 point document.
\CLASSINFOnormalsizebaselineskip=\dimen105
\CLASSINFOnormalsizeunitybaselineskip=\dimen106
\IEEEnormaljot=\dimen107
LaTeX Font Info:    Font shape `OT1/ptm/bx/n' in size <5> not available
(Font)              Font shape `OT1/ptm/b/n' tried instead on input line 724.
LaTeX Font Info:    Font shape `OT1/ptm/bx/it' in size <5> not available
(Font)              Font shape `OT1/ptm/b/it' tried instead on input line 724.
LaTeX Font Info:    Font shape `OT1/ptm/bx/n' in size <7> not available
(Font)              Font shape `OT1/ptm/b/n' tried instead on input line 724.
LaTeX Font Info:    Font shape `OT1/ptm/bx/it' in size <7> not available
(Font)              Font shape `OT1/ptm/b/it' tried instead on input line 724.
LaTeX Font Info:    Font shape `OT1/ptm/bx/n' in size <8> not available
(Font)              Font shape `OT1/ptm/b/n' tried instead on input line 724.
LaTeX Font Info:    Font shape `OT1/ptm/bx/it' in size <8> not available
(Font)              Font shape `OT1/ptm/b/it' tried instead on input line 724.
LaTeX Font Info:    Font shape `OT1/ptm/bx/n' in size <9> not available
(Font)              Font shape `OT1/ptm/b/n' tried instead on input line 724.
LaTeX Font Info:    Font shape `OT1/ptm/bx/it' in size <9> not available
(Font)              Font shape `OT1/ptm/b/it' tried instead on input line 724.
LaTeX Font Info:    Font shape `OT1/ptm/bx/n' in size <10> not available
(Font)              Font shape `OT1/ptm/b/n' tried instead on input line 724.
LaTeX Font Info:    Font shape `OT1/ptm/bx/it' in size <10> not available
(Font)              Font shape `OT1/ptm/b/it' tried instead on input line 724.
LaTeX Font Info:    Font shape `OT1/ptm/bx/n' in size <11> not available
(Font)              Font shape `OT1/ptm/b/n' tried instead on input line 724.
LaTeX Font Info:    Font shape `OT1/ptm/bx/it' in size <11> not available
(Font)              Font shape `OT1/ptm/b/it' tried instead on input line 724.
LaTeX Font Info:    Font shape `OT1/ptm/bx/n' in size <12> not available
(Font)              Font shape `OT1/ptm/b/n' tried instead on input line 724.
LaTeX Font Info:    Font shape `OT1/ptm/bx/it' in size <12> not available
(Font)              Font shape `OT1/ptm/b/it' tried instead on input line 724.
LaTeX Font Info:    Font shape `OT1/ptm/bx/n' in size <17> not available
(Font)              Font shape `OT1/ptm/b/n' tried instead on input line 724.
LaTeX Font Info:    Font shape `OT1/ptm/bx/it' in size <17> not available
(Font)              Font shape `OT1/ptm/b/it' tried instead on input line 724.
LaTeX Font Info:    Font shape `OT1/ptm/bx/n' in size <20> not available
(Font)              Font shape `OT1/ptm/b/n' tried instead on input line 724.
LaTeX Font Info:    Font shape `OT1/ptm/bx/it' in size <20> not available
(Font)              Font shape `OT1/ptm/b/it' tried instead on input line 724.
LaTeX Font Info:    Font shape `OT1/ptm/bx/n' in size <24> not available
(Font)              Font shape `OT1/ptm/b/n' tried instead on input line 724.
LaTeX Font Info:    Font shape `OT1/ptm/bx/it' in size <24> not available
(Font)              Font shape `OT1/ptm/b/it' tried instead on input line 724.
\IEEEilabelindentA=\dimen108
\IEEEilabelindentB=\dimen109
\IEEEilabelindent=\dimen110
\IEEEelabelindent=\dimen111
\IEEEdlabelindent=\dimen112
\IEEElabelindent=\dimen113
\IEEEiednormlabelsep=\dimen114
\IEEEiedmathlabelsep=\dimen115
\IEEEiedtopsep=\skip41
\c@section=\count81
\c@subsection=\count82
\c@subsubsection=\count83
\c@paragraph=\count84
\c@IEEEsubequation=\count85
\abovecaptionskip=\skip42
\belowcaptionskip=\skip43
\c@figure=\count86
\c@table=\count87
\@IEEEeqnnumcols=\count88
\@IEEEeqncolcnt=\count89
\@IEEEtmpitemindent=\dimen116
\c@IEEEbiography=\count90
\@IEEEtranrubishbin=\box26
) (/usr/local/texlive/2013/texmf-dist/tex/latex/cite/cite.sty
LaTeX Info: Redefining \cite on input line 302.
LaTeX Info: Redefining \nocite on input line 373.
Package: cite 2010/09/10  v 5.3
)
(/usr/local/texlive/2013/texmf-dist/tex/latex/graphics/graphicx.sty
Package: graphicx 1999/02/16 v1.0f Enhanced LaTeX Graphics (DPC,SPQR)

(/usr/local/texlive/2013/texmf-dist/tex/latex/graphics/keyval.sty
Package: keyval 1999/03/16 v1.13 key=value parser (DPC)
\KV@toks@=\toks15
)
(/usr/local/texlive/2013/texmf-dist/tex/latex/graphics/graphics.sty
Package: graphics 2009/02/05 v1.0o Standard LaTeX Graphics (DPC,SPQR)

(/usr/local/texlive/2013/texmf-dist/tex/latex/graphics/trig.sty
Package: trig 1999/03/16 v1.09 sin cos tan (DPC)
)
(/usr/local/texlive/2013/texmf-dist/tex/latex/latexconfig/graphics.cfg
File: graphics.cfg 2010/04/23 v1.9 graphics configuration of TeX Live
)
Package graphics Info: Driver file: pdftex.def on input line 91.

(/usr/local/texlive/2013/texmf-dist/tex/latex/pdftex-def/pdftex.def
File: pdftex.def 2011/05/27 v0.06d Graphics/color for pdfTeX

(/usr/local/texlive/2013/texmf-dist/tex/generic/oberdiek/infwarerr.sty
Package: infwarerr 2010/04/08 v1.3 Providing info/warning/error messages (HO)
)
(/usr/local/texlive/2013/texmf-dist/tex/generic/oberdiek/ltxcmds.sty
Package: ltxcmds 2011/11/09 v1.22 LaTeX kernel commands for general use (HO)
)
\Gread@gobject=\count91
))
\Gin@req@height=\dimen117
\Gin@req@width=\dimen118
)
(/usr/local/texlive/2013/texmf-dist/tex/latex/tools/array.sty
Package: array 2008/09/09 v2.4c Tabular extension package (FMi)
\col@sep=\dimen119
\extrarowheight=\dimen120
\NC@list=\toks16
\extratabsurround=\skip44
\backup@length=\skip45
)
(/usr/local/texlive/2013/texmf-dist/tex/latex/base/inputenc.sty
Package: inputenc 2008/03/30 v1.1d Input encoding file
\inpenc@prehook=\toks17
\inpenc@posthook=\toks18

(/usr/local/texlive/2013/texmf-dist/tex/latex/base/latin9.def
File: latin9.def 2008/03/30 v1.1d Input encoding file
))
(/usr/local/texlive/2013/texmf-dist/tex/latex/listings/listings.sty
\lst@mode=\count92
\lst@gtempboxa=\box27
\lst@token=\toks19
\lst@length=\count93
\lst@currlwidth=\dimen121
\lst@column=\count94
\lst@pos=\count95
\lst@lostspace=\dimen122
\lst@width=\dimen123
\lst@newlines=\count96
\lst@lineno=\count97
\lst@maxwidth=\dimen124

(/usr/local/texlive/2013/texmf-dist/tex/latex/listings/lstmisc.sty
File: lstmisc.sty 2007/02/22 1.4 (Carsten Heinz)
\c@lstnumber=\count98
\lst@skipnumbers=\count99
\lst@framebox=\box28
)
(/usr/local/texlive/2013/texmf-dist/tex/latex/listings/listings.cfg
File: listings.cfg 2007/02/22 1.4 listings configuration
))
Package: listings 2007/02/22 1.4 (Carsten Heinz)

(/usr/local/texlive/2013/texmf-dist/tex/latex/tools/tabularx.sty
Package: tabularx 1999/01/07 v2.07 `tabularx' package (DPC)
\TX@col@width=\dimen125
\TX@old@table=\dimen126
\TX@old@col=\dimen127
\TX@target=\dimen128
\TX@delta=\dimen129
\TX@cols=\count100
\TX@ftn=\toks20
)
(/usr/local/texlive/2013/texmf-dist/tex/latex/multirow/multirow.sty
\bigstrutjot=\dimen130
)
(/usr/local/texlive/2013/texmf-dist/tex/latex/xcolor/xcolor.sty
Package: xcolor 2007/01/21 v2.11 LaTeX color extensions (UK)

(/usr/local/texlive/2013/texmf-dist/tex/latex/latexconfig/color.cfg
File: color.cfg 2007/01/18 v1.5 color configuration of teTeX/TeXLive
)
Package xcolor Info: Driver file: pdftex.def on input line 225.

(/usr/local/texlive/2013/texmf-dist/tex/latex/colortbl/colortbl.sty
Package: colortbl 2012/02/13 v1.0a Color table columns (DPC)
\everycr=\toks21
\minrowclearance=\skip46
)
\rownum=\count101
Package xcolor Info: Model `cmy' substituted by `cmy0' on input line 1337.
Package xcolor Info: Model `hsb' substituted by `rgb' on input line 1341.
Package xcolor Info: Model `RGB' extended on input line 1353.
Package xcolor Info: Model `HTML' substituted by `rgb' on input line 1355.
Package xcolor Info: Model `Hsb' substituted by `hsb' on input line 1356.
Package xcolor Info: Model `tHsb' substituted by `hsb' on input line 1357.
Package xcolor Info: Model `HSB' substituted by `hsb' on input line 1358.
Package xcolor Info: Model `Gray' substituted by `gray' on input line 1359.
Package xcolor Info: Model `wave' substituted by `hsb' on input line 1360.
)
(./tex/defines.tex) (./sbes2012.aux)
\openout1 = `sbes2012.aux'.

LaTeX Font Info:    Checking defaults for OML/cmm/m/it on input line 357.
LaTeX Font Info:    ... okay on input line 357.
LaTeX Font Info:    Checking defaults for T1/cmr/m/n on input line 357.
LaTeX Font Info:    ... okay on input line 357.
LaTeX Font Info:    Checking defaults for OT1/cmr/m/n on input line 357.
LaTeX Font Info:    ... okay on input line 357.
LaTeX Font Info:    Checking defaults for OMS/cmsy/m/n on input line 357.
LaTeX Font Info:    ... okay on input line 357.
LaTeX Font Info:    Checking defaults for OMX/cmex/m/n on input line 357.
LaTeX Font Info:    ... okay on input line 357.
LaTeX Font Info:    Checking defaults for U/cmr/m/n on input line 357.
LaTeX Font Info:    ... okay on input line 357.

(/usr/local/texlive/2013/texmf-dist/tex/context/base/supp-pdf.mkii
[Loading MPS to PDF converter (version 2006.09.02).]
\scratchcounter=\count102
\scratchdimen=\dimen131
\scratchbox=\box29
\nofMPsegments=\count103
\nofMParguments=\count104
\everyMPshowfont=\toks22
\MPscratchCnt=\count105
\MPscratchDim=\dimen132
\MPnumerator=\count106
\makeMPintoPDFobject=\count107
\everyMPtoPDFconversion=\toks23
) (/usr/local/texlive/2013/texmf-dist/tex/generic/oberdiek/pdftexcmds.sty
Package: pdftexcmds 2011/11/29 v0.20 Utility functions of pdfTeX for LuaTeX (HO
)

(/usr/local/texlive/2013/texmf-dist/tex/generic/oberdiek/ifluatex.sty
Package: ifluatex 2010/03/01 v1.3 Provides the ifluatex switch (HO)
Package ifluatex Info: LuaTeX not detected.
)
(/usr/local/texlive/2013/texmf-dist/tex/generic/oberdiek/ifpdf.sty
Package: ifpdf 2011/01/30 v2.3 Provides the ifpdf switch (HO)
Package ifpdf Info: pdfTeX in PDF mode is detected.
)
Package pdftexcmds Info: LuaTeX not detected.
Package pdftexcmds Info: \pdf@primitive is available.
Package pdftexcmds Info: \pdf@ifprimitive is available.
Package pdftexcmds Info: \pdfdraftmode found.
)
(/usr/local/texlive/2013/texmf-dist/tex/latex/oberdiek/epstopdf-base.sty
Package: epstopdf-base 2010/02/09 v2.5 Base part for package epstopdf

(/usr/local/texlive/2013/texmf-dist/tex/latex/oberdiek/grfext.sty
Package: grfext 2010/08/19 v1.1 Manage graphics extensions (HO)

(/usr/local/texlive/2013/texmf-dist/tex/generic/oberdiek/kvdefinekeys.sty
Package: kvdefinekeys 2011/04/07 v1.3 Define keys (HO)
))
(/usr/local/texlive/2013/texmf-dist/tex/latex/oberdiek/kvoptions.sty
Package: kvoptions 2011/06/30 v3.11 Key value format for package options (HO)

(/usr/local/texlive/2013/texmf-dist/tex/generic/oberdiek/kvsetkeys.sty
Package: kvsetkeys 2012/04/25 v1.16 Key value parser (HO)

(/usr/local/texlive/2013/texmf-dist/tex/generic/oberdiek/etexcmds.sty
Package: etexcmds 2011/02/16 v1.5 Avoid name clashes with e-TeX commands (HO)
Package etexcmds Info: Could not find \expanded.
(etexcmds)             That can mean that you are not using pdfTeX 1.50 or
(etexcmds)             that some package has redefined \expanded.
(etexcmds)             In the latter case, load this package earlier.
)))
Package grfext Info: Graphics extension search list:
(grfext)             [.png,.pdf,.jpg,.mps,.jpeg,.jbig2,.jb2,.PNG,.PDF,.JPG,.JPE
G,.JBIG2,.JB2,.eps]
(grfext)             \AppendGraphicsExtensions on input line 452.

(/usr/local/texlive/2013/texmf-dist/tex/latex/latexconfig/epstopdf-sys.cfg
File: epstopdf-sys.cfg 2010/07/13 v1.3 Configuration of (r)epstopdf for TeX Liv
e
))
\c@lstlisting=\count108
LaTeX Font Info:    Calculating math sizes for size <11> on input line 451.
LaTeX Font Info:    External font `cmex10' loaded for size
(Font)              <11> on input line 451.
LaTeX Font Info:    External font `cmex10' loaded for size
(Font)              <7.69997> on input line 451.
LaTeX Font Info:    External font `cmex10' loaded for size
(Font)              <5.5> on input line 451.
LaTeX Font Info:    External font `cmex10' loaded for size
(Font)              <8> on input line 451.
LaTeX Font Info:    External font `cmex10' loaded for size
(Font)              <6> on input line 451.
LaTeX Font Info:    External font `cmex10' loaded for size
(Font)              <5> on input line 451.
LaTeX Font Info:    External font `cmex10' loaded for size
(Font)              <7> on input line 451.
LaTeX Font Info:    Try loading font information for OMS+ptm on input line 451.


(/usr/local/texlive/2013/texmf-dist/tex/latex/psnfss/omsptm.fd
File: omsptm.fd 
)
LaTeX Font Info:    Font shape `OMS/ptm/m/n' in size <10> not available
(Font)              Font shape `OMS/cmsy/m/n' tried instead on input line 451.

(./tex/structure.tex (./tex/abstract.tex) (./tex/introduction.tex [1{/usr/local
/texlive/2013/texmf-var/fonts/map/pdftex/updmap/pdftex.map}


])
(./tex/crosscutting_framework_families.tex) (./tex/approach.tex
Package epstopdf Info: Source file: <figuras/metamodelo_separador.eps>
(epstopdf)                    date: 2012-04-19 20:06:44
(epstopdf)                    size: 54665 bytes
(epstopdf)             Output file: <figuras/metamodelo_separador-eps-converted
-to.pdf>
(epstopdf)                    date: 2012-04-19 20:07:01
(epstopdf)                    size: 20217 bytes
(epstopdf)             Command: <repstopdf --outfile=figuras/metamodelo_separad
or-eps-converted-to.pdf figuras/metamodelo_separador.eps>
(epstopdf)             \includegraphics on input line 9.
Package epstopdf Info: Output file is already uptodate.

<figuras/metamodelo_separador-eps-converted-to.pdf, id=12, 557.08125pt x 500.87
125pt>
File: figuras/metamodelo_separador-eps-converted-to.pdf Graphic file (type pdf)

 <use figuras/metamodelo_separador-eps-converted-to.pdf>
Package pdftex.def Info: figuras/metamodelo_separador-eps-converted-to.pdf used
 on input line 9.
(pdftex.def)             Requested size: 258.00305pt x 282.25143pt.

Overfull \hbox (6.00305pt too wide) in paragraph at lines 9--10
 [][] 
 []

[2 <./figuras/metamodelo_separador-eps-converted-to.pdf>]
Package epstopdf Info: Source file: <figuras/reuse_model_tool.eps>
(epstopdf)                    date: 2012-07-09 20:10:35
(epstopdf)                    size: 125020 bytes
(epstopdf)             Output file: <figuras/reuse_model_tool-eps-converted-to.
pdf>
(epstopdf)                    date: 2012-07-09 20:11:03
(epstopdf)                    size: 47759 bytes
(epstopdf)             Command: <repstopdf --outfile=figuras/reuse_model_tool-e
ps-converted-to.pdf figuras/reuse_model_tool.eps>
(epstopdf)             \includegraphics on input line 46.
Package epstopdf Info: Output file is already uptodate.

<figuras/reuse_model_tool-eps-converted-to.pdf, id=67, 746.79pt x 196.735pt>
File: figuras/reuse_model_tool-eps-converted-to.pdf Graphic file (type pdf)

<use figuras/reuse_model_tool-eps-converted-to.pdf>
Package pdftex.def Info: figuras/reuse_model_tool-eps-converted-to.pdf used on 
input line 46.
(pdftex.def)             Requested size: 516.02632pt x 154.55437pt.
)
(./tex/building_a_Member.tex [3]
Package epstopdf Info: Source file: <figuras/reuse_code.eps>
(epstopdf)                    date: 2012-07-09 20:10:36
(epstopdf)                    size: 117548 bytes
(epstopdf)             Output file: <figuras/reuse_code-eps-converted-to.pdf>
(epstopdf)                    date: 2012-07-09 20:11:05
(epstopdf)                    size: 11812 bytes
(epstopdf)             Command: <repstopdf --outfile=figuras/reuse_code-eps-con
verted-to.pdf figuras/reuse_code.eps>
(epstopdf)             \includegraphics on input line 36.
Package epstopdf Info: Output file is already uptodate.

<figuras/reuse_code-eps-converted-to.pdf, id=71, 245.91875pt x 281.05pt>
File: figuras/reuse_code-eps-converted-to.pdf Graphic file (type pdf)

<use figuras/reuse_code-eps-converted-to.pdf>
Package pdftex.def Info: figuras/reuse_code-eps-converted-to.pdf used on input 
line 36.
(pdftex.def)             Requested size: 247.68927pt x 235.20552pt.
) (./tex/evaluation.tex)
(./tex/reuse_study_definition.tex) (./tex/maintenance_study_definition.tex
[4 <./figuras/reuse_model_tool-eps-converted-to.pdf> <./figuras/reuse_code-eps-
converted-to.pdf>]) (./tex/study_planning.tex

LaTeX Warning: `h' float specifier changed to `ht'.

[5]) (./tex/operation.tex [6]

Package tabularx Warning: X Columns too narrow (table too wide)
(tabularx)                 on input line 82.


Overfull \hbox (40.92792pt too wide) in alignment at lines 82--82
[][][][][][][][][][][] 
 []


Package tabularx Warning: X Columns too narrow (table too wide)
(tabularx)                 on input line 132.


Overfull \hbox (40.92792pt too wide) in alignment at lines 132--132
[][][][][][][][][][][] 
 []


LaTeX Warning: `h' float specifier changed to `ht'.

) (./tex/data_analysis_and_interpretation.tex
Package epstopdf Info: Source file: <figuras/bars_graph_reuse_real.eps>
(epstopdf)                    date: 2012-04-05 15:30:49
(epstopdf)                    size: 35401 bytes
(epstopdf)             Output file: <figuras/bars_graph_reuse_real-eps-converte
d-to.pdf>
(epstopdf)                    date: 2012-04-05 15:39:57
(epstopdf)                    size: 10081 bytes
(epstopdf)             Command: <repstopdf --outfile=figuras/bars_graph_reuse_r
eal-eps-converted-to.pdf figuras/bars_graph_reuse_real.eps>
(epstopdf)             \includegraphics on input line 10.
Package epstopdf Info: Output file is already uptodate.

<figuras/bars_graph_reuse_real-eps-converted-to.pdf, id=133, 220.825pt x 153.57
375pt>
File: figuras/bars_graph_reuse_real-eps-converted-to.pdf Graphic file (type pdf
)
 <use figuras/bars_graph_reuse_real-eps-converted-to.pdf>
Package pdftex.def Info: figuras/bars_graph_reuse_real-eps-converted-to.pdf use
d on input line 10.
(pdftex.def)             Requested size: 125.90524pt x 80.67897pt.
Package epstopdf Info: Source file: <figuras/bars_graph_reuse_spare.eps>
(epstopdf)                    date: 2012-04-05 15:30:49
(epstopdf)                    size: 35379 bytes
(epstopdf)             Output file: <figuras/bars_graph_reuse_spare-eps-convert
ed-to.pdf>
(epstopdf)                    date: 2012-04-05 15:39:58
(epstopdf)                    size: 10106 bytes
(epstopdf)             Command: <repstopdf --outfile=figuras/bars_graph_reuse_s
pare-eps-converted-to.pdf figuras/bars_graph_reuse_spare.eps>
(epstopdf)             \includegraphics on input line 11.
Package epstopdf Info: Output file is already uptodate.

<figuras/bars_graph_reuse_spare-eps-converted-to.pdf, id=134, 220.825pt x 152.5
7pt>
File: figuras/bars_graph_reuse_spare-eps-converted-to.pdf Graphic file (type pd
f)
 <use figuras/bars_graph_reuse_spare-eps-converted-to.pdf>
Package pdftex.def Info: figuras/bars_graph_reuse_spare-eps-converted-to.pdf us
ed on input line 11.
(pdftex.def)             Requested size: 125.90524pt x 80.68011pt.


LaTeX Warning: `!h' float specifier changed to `!ht'.

Package epstopdf Info: Source file: <figuras/bars_graph_maintenance_real.eps>
(epstopdf)                    date: 2012-04-05 15:30:49
(epstopdf)                    size: 35347 bytes
(epstopdf)             Output file: <figuras/bars_graph_maintenance_real-eps-co
nverted-to.pdf>
(epstopdf)                    date: 2012-04-05 15:39:58
(epstopdf)                    size: 10093 bytes
(epstopdf)             Command: <repstopdf --outfile=figuras/bars_graph_mainten
ance_real-eps-converted-to.pdf figuras/bars_graph_maintenance_real.eps>
(epstopdf)             \includegraphics on input line 30.
Package epstopdf Info: Output file is already uptodate.

<figuras/bars_graph_maintenance_real-eps-converted-to.pdf, id=135, 220.825pt x 
153.57375pt>
File: figuras/bars_graph_maintenance_real-eps-converted-to.pdf Graphic file (ty
pe pdf)
 <use figuras/bars_graph_maintenance_real-eps-converted-to.pdf>
Package pdftex.def Info: figuras/bars_graph_maintenance_real-eps-converted-to.p
df used on input line 30.
(pdftex.def)             Requested size: 125.90524pt x 80.67897pt.
Package epstopdf Info: Source file: <figuras/bars_graph_maintenance_spare.eps>
(epstopdf)                    date: 2012-04-05 15:30:49
(epstopdf)                    size: 35369 bytes
(epstopdf)             Output file: <figuras/bars_graph_maintenance_spare-eps-c
onverted-to.pdf>
(epstopdf)                    date: 2012-04-05 15:39:58
(epstopdf)                    size: 10100 bytes
(epstopdf)             Command: <repstopdf --outfile=figuras/bars_graph_mainten
ance_spare-eps-converted-to.pdf figuras/bars_graph_maintenance_spare.eps>
(epstopdf)             \includegraphics on input line 31.
Package epstopdf Info: Output file is already uptodate.

<figuras/bars_graph_maintenance_spare-eps-converted-to.pdf, id=136, 220.825pt x
 152.57pt>
File: figuras/bars_graph_maintenance_spare-eps-converted-to.pdf Graphic file (t
ype pdf)
 <use figuras/bars_graph_maintenance_spare-eps-converted-to.pdf>
Package pdftex.def Info: figuras/bars_graph_maintenance_spare-eps-converted-to.
pdf used on input line 31.
(pdftex.def)             Requested size: 125.90524pt x 80.68011pt.

[7 <./figuras/bars_graph_reuse_real-eps-converted-to.pdf> <./figuras/bars_graph
_reuse_spare-eps-converted-to.pdf> <./figuras/bars_graph_maintenance_real-eps-c
onverted-to.pdf> <./figuras/bars_graph_maintenance_spare-eps-converted-to.pdf>]
) (./tex/hypotheses_testing.tex

LaTeX Warning: `h' float specifier changed to `ht'.

Package epstopdf Info: Source file: <figuras/line_graph_reuse_real.eps>
(epstopdf)                    date: 2012-04-05 15:30:49
(epstopdf)                    size: 26422 bytes
(epstopdf)             Output file: <figuras/line_graph_reuse_real-eps-converte
d-to.pdf>
(epstopdf)                    date: 2012-04-05 15:39:58
(epstopdf)                    size: 9852 bytes
(epstopdf)             Command: <repstopdf --outfile=figuras/line_graph_reuse_r
eal-eps-converted-to.pdf figuras/line_graph_reuse_real.eps>
(epstopdf)             \includegraphics on input line 153.
Package epstopdf Info: Output file is already uptodate.

<figuras/line_graph_reuse_real-eps-converted-to.pdf, id=178, 201.75375pt x 139.
52126pt>
File: figuras/line_graph_reuse_real-eps-converted-to.pdf Graphic file (type pdf
)
 <use figuras/line_graph_reuse_real-eps-converted-to.pdf>
Package pdftex.def Info: figuras/line_graph_reuse_real-eps-converted-to.pdf use
d on input line 153.
(pdftex.def)             Requested size: 125.9049pt x 80.67967pt.
Package epstopdf Info: Source file: <figuras/line_graph_reuse_spare.eps>
(epstopdf)                    date: 2012-04-05 15:30:49
(epstopdf)                    size: 26438 bytes
(epstopdf)             Output file: <figuras/line_graph_reuse_spare-eps-convert
ed-to.pdf>
(epstopdf)                    date: 2012-04-05 15:39:58
(epstopdf)                    size: 9824 bytes
(epstopdf)             Command: <repstopdf --outfile=figuras/line_graph_reuse_s
pare-eps-converted-to.pdf figuras/line_graph_reuse_spare.eps>
(epstopdf)             \includegraphics on input line 154.
Package epstopdf Info: Output file is already uptodate.

<figuras/line_graph_reuse_spare-eps-converted-to.pdf, id=179, 201.75375pt x 139
.52126pt>
File: figuras/line_graph_reuse_spare-eps-converted-to.pdf Graphic file (type pd
f)
 <use figuras/line_graph_reuse_spare-eps-converted-to.pdf>
Package pdftex.def Info: figuras/line_graph_reuse_spare-eps-converted-to.pdf us
ed on input line 154.
(pdftex.def)             Requested size: 125.9049pt x 80.67967pt.
Package epstopdf Info: Source file: <figuras/line_graph_maintenance_real.eps>
(epstopdf)                    date: 2012-04-05 15:30:49
(epstopdf)                    size: 26463 bytes
(epstopdf)             Output file: <figuras/line_graph_maintenance_real-eps-co
nverted-to.pdf>
(epstopdf)                    date: 2012-04-05 15:39:58
(epstopdf)                    size: 9860 bytes
(epstopdf)             Command: <repstopdf --outfile=figuras/line_graph_mainten
ance_real-eps-converted-to.pdf figuras/line_graph_maintenance_real.eps>
(epstopdf)             \includegraphics on input line 165.
Package epstopdf Info: Output file is already uptodate.

<figuras/line_graph_maintenance_real-eps-converted-to.pdf, id=180, 201.75375pt 
x 139.52126pt>
File: figuras/line_graph_maintenance_real-eps-converted-to.pdf Graphic file (ty
pe pdf)
 <use figuras/line_graph_maintenance_real-eps-converted-to.pdf>
Package pdftex.def Info: figuras/line_graph_maintenance_real-eps-converted-to.p
df used on input line 165.
(pdftex.def)             Requested size: 125.9049pt x 80.67967pt.
Package epstopdf Info: Source file: <figuras/line_graph_maintenance_spare.eps>
(epstopdf)                    date: 2012-04-05 15:30:49
(epstopdf)                    size: 26493 bytes
(epstopdf)             Output file: <figuras/line_graph_maintenance_spare-eps-c
onverted-to.pdf>
(epstopdf)                    date: 2012-04-05 15:39:59
(epstopdf)                    size: 9846 bytes
(epstopdf)             Command: <repstopdf --outfile=figuras/line_graph_mainten
ance_spare-eps-converted-to.pdf figuras/line_graph_maintenance_spare.eps>
(epstopdf)             \includegraphics on input line 166.
Package epstopdf Info: Output file is already uptodate.

<figuras/line_graph_maintenance_spare-eps-converted-to.pdf, id=181, 201.75375pt
 x 139.52126pt>
File: figuras/line_graph_maintenance_spare-eps-converted-to.pdf Graphic file (t
ype pdf)

<use figuras/line_graph_maintenance_spare-eps-converted-to.pdf>
Package pdftex.def Info: figuras/line_graph_maintenance_spare-eps-converted-to.
pdf used on input line 166.
(pdftex.def)             Requested size: 125.9049pt x 80.67967pt.


LaTeX Warning: `!h' float specifier changed to `!ht'.

[8 <./figuras/line_graph_reuse_real-eps-converted-to.pdf> <./figuras/line_graph
_reuse_spare-eps-converted-to.pdf>]) (./tex/threats_to_validity.tex)
(./tex/related_works.tex [9 <./figuras/line_graph_maintenance_real-eps-converte
d-to.pdf> <./figuras/line_graph_maintenance_spare-eps-converted-to.pdf>])
(./tex/conclusion.tex) (./tex/acknowledgment.tex)) (./sbes2012.bbl)

** Conference Paper **
Before submitting the final camera ready copy, remember to:

 1. Manually equalize the lengths of two columns on the last page
 of your paper;

 2. Ensure that any PostScript and/or PDF output post-processing
 uses only Type 1 fonts and that every step in the generation
 process uses the appropriate paper size.

[10] (./sbes2012.aux) ) 
Here is how much of TeX's memory you used:
 4475 strings out of 493315
 68433 string characters out of 6137904
 246417 words of memory out of 5000000
 7806 multiletter control sequences out of 15000+600000
 43894 words of font info for 82 fonts, out of 8000000 for 9000
 960 hyphenation exceptions out of 8191
 41i,14n,35p,1092b,353s stack positions out of 5000i,500n,10000p,200000b,80000s
{/usr/local/texlive/2013/texmf-dist/fonts/enc/dvips/base
/8r.enc}</usr/local/texlive/2013/texmf-dist/fonts/type1/public/amsfonts/cm/cmmi
6.pfb></usr/local/texlive/2013/texmf-dist/fonts/type1/public/amsfonts/cm/cmmi7.
pfb></usr/local/texlive/2013/texmf-dist/fonts/type1/public/amsfonts/cm/cmmi8.pf
b></usr/local/texlive/2013/texmf-dist/fonts/type1/public/amsfonts/cm/cmr6.pfb><
/usr/local/texlive/2013/texmf-dist/fonts/type1/public/amsfonts/cm/cmr7.pfb></us
r/local/texlive/2013/texmf-dist/fonts/type1/public/amsfonts/cm/cmsy10.pfb></usr
/local/texlive/2013/texmf-dist/fonts/type1/public/amsfonts/cm/cmsy6.pfb></usr/l
ocal/texlive/2013/texmf-dist/fonts/type1/public/amsfonts/cm/cmsy7.pfb></usr/loc
al/texlive/2013/texmf-dist/fonts/type1/public/amsfonts/cm/cmsy8.pfb></usr/local
/texlive/2013/texmf-dist/fonts/type1/urw/times/utmb8a.pfb></usr/local/texlive/2
013/texmf-dist/fonts/type1/urw/times/utmbi8a.pfb></usr/local/texlive/2013/texmf
-dist/fonts/type1/urw/times/utmr8a.pfb></usr/local/texlive/2013/texmf-dist/font
s/type1/urw/times/utmri8a.pfb>
Output written on sbes2012.pdf (10 pages, 307969 bytes).
PDF statistics:
 266 PDF objects out of 1000 (max. 8388607)
 178 compressed objects within 2 object streams
 0 named destinations out of 1000 (max. 500000)
 56 words of extra memory for PDF output out of 10000 (max. 10000000)

